0 info it worked if it ends with ok
1 verbose cli [ '/opt/node-v6.1.0-linux-x64/bin/node',
1 verbose cli   '/opt/node-v6.1.0-linux-x64/bin/npm',
1 verbose cli   'run',
1 verbose cli   'mongodb' ]
2 info using npm@3.8.6
3 info using node@v6.1.0
4 verbose run-script [ 'premongodb', 'mongodb', 'postmongodb' ]
5 info lifecycle ecommerce-client@0.1.0~premongodb: ecommerce-client@0.1.0
6 silly lifecycle ecommerce-client@0.1.0~premongodb: no script for premongodb, continuing
7 info lifecycle ecommerce-client@0.1.0~mongodb: ecommerce-client@0.1.0
8 verbose lifecycle ecommerce-client@0.1.0~mongodb: unsafe-perm in lifecycle true
9 verbose lifecycle ecommerce-client@0.1.0~mongodb: PATH: /opt/node-v6.1.0-linux-x64/lib/node_modules/npm/bin/node-gyp-bin:/home/marcus/projects/ecommerce-exam/ecommerce-client/node_modules/.bin:/opt/node-v6.1.0-linux-x64/bin:/usr/local/heroku/bin:/usr/local/sbin:/usr/local/bin:/usr/sbin:/usr/bin:/sbin:/bin:/usr/games:/usr/local/games:/opt/node-v6.1.0-linux-x64/bin:/home/marcus/Android/Sdk/tools:/home/marcus/Android/Sdk/platform-tools:/opt/node-v6.1.0-linux-x64/bin/
10 verbose lifecycle ecommerce-client@0.1.0~mongodb: CWD: /home/marcus/projects/ecommerce-exam/ecommerce-client
11 silly lifecycle ecommerce-client@0.1.0~mongodb: Args: [ '-c',
11 silly lifecycle   'mongodb://127.0.0.1:3001/meteor meteor run --port=4000' ]
12 info lifecycle ecommerce-client@0.1.0~mongodb: Failed to exec mongodb script
13 verbose stack Error: ecommerce-client@0.1.0 mongodb: `mongodb://127.0.0.1:3001/meteor meteor run --port=4000`
13 verbose stack spawn ENOENT
13 verbose stack     at ChildProcess.<anonymous> (/opt/node-v6.1.0-linux-x64/lib/node_modules/npm/lib/utils/spawn.js:17:16)
13 verbose stack     at emitTwo (events.js:106:13)
13 verbose stack     at ChildProcess.emit (events.js:191:7)
13 verbose stack     at maybeClose (internal/child_process.js:850:16)
13 verbose stack     at Process.ChildProcess._handle.onexit (internal/child_process.js:215:5)
14 verbose pkgid ecommerce-client@0.1.0
15 verbose cwd /home/marcus/projects/ecommerce-exam/ecommerce-client
16 error Linux 4.2.0-34-generic
17 error argv "/opt/node-v6.1.0-linux-x64/bin/node" "/opt/node-v6.1.0-linux-x64/bin/npm" "run" "mongodb"
18 error node v6.1.0
19 error npm  v3.8.6
20 error file sh
21 error code ELIFECYCLE
22 error errno ENOENT
23 error syscall spawn
24 error ecommerce-client@0.1.0 mongodb: `mongodb://127.0.0.1:3001/meteor meteor run --port=4000`
24 error spawn ENOENT
25 error Failed at the ecommerce-client@0.1.0 mongodb script 'mongodb://127.0.0.1:3001/meteor meteor run --port=4000'.
25 error Make sure you have the latest version of node.js and npm installed.
25 error If you do, this is most likely a problem with the ecommerce-client package,
25 error not with npm itself.
25 error Tell the author that this fails on your system:
25 error     mongodb://127.0.0.1:3001/meteor meteor run --port=4000
25 error You can get information on how to open an issue for this project with:
25 error     npm bugs ecommerce-client
25 error Or if that isn't available, you can get their info via:
25 error     npm owner ls ecommerce-client
25 error There is likely additional logging output above.
26 verbose exit [ 1, true ]
